;;; 
Export: Release 11.2.0.4.0 - Production on Mon Mar 26 01:53:07 2018

Copyright (c) 1982, 2011, Oracle and/or its affiliates.  All rights reserved.
;;; 
Connected to: Oracle Database 11g Enterprise Edition Release 11.2.0.4.0 - 64bit Production
With the Partitioning, Oracle Label Security, OLAP, Data Mining,
Oracle Database Vault and Real Application Testing options
Starting "SYS"."SYS_EXPORT_TRANSPORTABLE_01":  "/******** AS SYSDBA" directory=dump_dir dumpfile=tts1st.dmp logfile=expdptts.log TRANSPORT_TABLESPACES=USERS8K TRANSPORT_FULL_CHECK=y 
Processing object type TRANSPORTABLE_EXPORT/PLUGTS_BLK
Processing object type TRANSPORTABLE_EXPORT/TABLE
Processing object type TRANSPORTABLE_EXPORT/INDEX/INDEX
Processing object type TRANSPORTABLE_EXPORT/INDEX_STATISTICS
Processing object type TRANSPORTABLE_EXPORT/COMMENT
Processing object type TRANSPORTABLE_EXPORT/POST_INSTANCE/PLUGTS_BLK
Master table "SYS"."SYS_EXPORT_TRANSPORTABLE_01" successfully loaded/unloaded
******************************************************************************
Dump file set for SYS.SYS_EXPORT_TRANSPORTABLE_01 is:
  /home/oracle/tts1st.dmp
******************************************************************************
Datafiles required for transportable tablespace USERS8K:
  /oradata/orcl/USERS8k01.dbf
Job "SYS"."SYS_EXPORT_TRANSPORTABLE_01" successfully completed at Mon Mar 26 01:53:49 2018 elapsed 0 00:00:36
