;;; 
Import: Release 11.2.0.4.0 - Production on Mon Mar 19 22:31:55 2018

Copyright (c) 1982, 2011, Oracle and/or its affiliates.  All rights reserved.
;;; 
Connected to: Oracle Database 11g Enterprise Edition Release 11.2.0.4.0 - 64bit Production
With the Partitioning, Oracle Label Security, OLAP, Data Mining,
Oracle Database Vault and Real Application Testing options
Master table "SYS"."SYS_IMPORT_SCHEMA_01" successfully loaded/unloaded
Starting "SYS"."SYS_IMPORT_SCHEMA_01":  "/******** AS SYSDBA" directory=dump_dir dumpfile=hr1.dmp logfile=impdp-expdphr.log schemas=hr 
Processing object type SCHEMA_EXPORT/USER
ORA-31684: Object type USER:"HR" already exists
Processing object type SCHEMA_EXPORT/SYSTEM_GRANT
Processing object type SCHEMA_EXPORT/ROLE_GRANT
Processing object type SCHEMA_EXPORT/DEFAULT_ROLE
Processing object type SCHEMA_EXPORT/PRE_SCHEMA/PROCACT_SCHEMA
Processing object type SCHEMA_EXPORT/SEQUENCE/SEQUENCE
ORA-31684: Object type SEQUENCE:"HR"."TESTSEQ" already exists
Processing object type SCHEMA_EXPORT/PROCEDURE/PROCEDURE
ORA-31684: Object type PROCEDURE:"HR"."OBJECT_ANALYSIS" already exists
Processing object type SCHEMA_EXPORT/PROCEDURE/ALTER_PROCEDURE
ORA-39082: Object type ALTER_PROCEDURE:"HR"."OBJECT_ANALYSIS" created with compilation warnings
Processing object type SCHEMA_EXPORT/VIEW/VIEW
ORA-31684: Object type VIEW:"HR"."OBJVIEW" already exists
Job "SYS"."SYS_IMPORT_SCHEMA_01" completed with 5 error(s) at Mon Mar 19 22:32:03 2018 elapsed 0 00:00:05
